2026-03-04T00:07:43.604-05:00  WARN 22380 --- [product-service] [AMQP Connection 15.206.140.228:5672] [                                                 ] c.r.c.impl.ForgivingExceptionHandler     : An unexpected connection driver error occurred (Exception message: Connection reset)
2026-03-04T00:07:41.187-05:00  WARN 22380 --- [product-service] [HikariPool-1:housekeeper] [                                                 ] com.zaxxer.hikari.pool.HikariPool        : HikariPool-1 - Thread starvation or clock leap detected (housekeeper delta=28m28s697ms580µs500ns).
2026-03-04T00:07:52.502-05:00  WARN 22380 --- [product-service] [springCloudBus.anonymous.vod05MrRSp6I3GzUCyPjZA-3] [                                                 ] o.s.a.r.l.SimpleMessageListenerContainer : Consumer raised exception, processing can restart if the connection factory supports it

com.rabbitmq.client.ShutdownSignalException: connection error
	at com.rabbitmq.client.impl.AMQConnection.startShutdown(AMQConnection.java:1014) ~[amqp-client-5.27.1.jar:5.27.1]
	at com.rabbitmq.client.impl.AMQConnection.shutdown(AMQConnection.java:1004) ~[amqp-client-5.27.1.jar:5.27.1]
	at com.rabbitmq.client.impl.AMQConnection.handleFailure(AMQConnection.java:808) ~[amqp-client-5.27.1.jar:5.27.1]
	at com.rabbitmq.client.impl.AMQConnection.access$500(AMQConnection.java:49) ~[amqp-client-5.27.1.jar:5.27.1]
	at com.rabbitmq.client.impl.AMQConnection$MainLoop.run(AMQConnection.java:703) ~[amqp-client-5.27.1.jar:5.27.1]
	at java.base/java.lang.Thread.run(Thread.java:1474) ~[na:na]
Caused by: java.net.SocketException: Connection reset
	at java.base/sun.nio.ch.NioSocketImpl.implRead(NioSocketImpl.java:316) ~[na:na]
	at java.base/sun.nio.ch.NioSocketImpl.read(NioSocketImpl.java:354) ~[na:na]
	at java.base/sun.nio.ch.NioSocketImpl$1.read(NioSocketImpl.java:798) ~[na:na]
	at java.base/java.net.Socket$SocketInputStream.implRead(Socket.java:974) ~[na:na]
	at java.base/java.net.Socket$SocketInputStream.read(Socket.java:964) ~[na:na]
	at java.base/java.io.BufferedInputStream.fill(BufferedInputStream.java:289) ~[na:na]
	at java.base/java.io.BufferedInputStream.read(BufferedInputStream.java:308) ~[na:na]
	at java.base/java.io.DataInputStream.readUnsignedByte(DataInputStream.java:300) ~[na:na]
	at com.rabbitmq.client.impl.Frame.readFrom(Frame.java:92) ~[amqp-client-5.27.1.jar:5.27.1]
	at com.rabbitmq.client.impl.SocketFrameHandler.readFrame(SocketFrameHandler.java:199) ~[amqp-client-5.27.1.jar:5.27.1]
	at com.rabbitmq.client.impl.AMQConnection$MainLoop.run(AMQConnection.java:694) ~[amqp-client-5.27.1.jar:5.27.1]
	... 1 common frames omitted

2026-03-04T00:07:52.975-05:00  INFO 22380 --- [product-service] [springCloudBus.anonymous.vod05MrRSp6I3GzUCyPjZA-3] [                                                 ] o.s.a.r.l.SimpleMessageListenerContainer : Restarting Consumer@68aa567c: tags=[[amq.ctag-xMIm0jOpNccbCcuH3rlXfQ]], channel=Cached Rabbit Channel: AMQChannel(amqp://bkzpqyjq@15.206.140.228:5672/bkzpqyjq,2), conn: Proxy@7bc0ff69 Shared Rabbit Connection: SimpleConnection@2bf84ebf [delegate=amqp://bkzpqyjq@15.206.140.228:5672/bkzpqyjq, localPort=60478], acknowledgeMode=AUTO local queue size=0
2026-03-04T00:07:55.976-05:00  INFO 22380 --- [product-service] [springCloudBus.anonymous.vod05MrRSp6I3GzUCyPjZA-4] [                                                 ] o.s.a.r.c.CachingConnectionFactory       : Attempting to connect to: [puffin.rmq2.cloudamqp.com:5672]
2026-03-04T00:07:57.216-05:00  INFO 22380 --- [product-service] [springCloudBus.anonymous.vod05MrRSp6I3GzUCyPjZA-4] [                                                 ] o.s.a.r.c.CachingConnectionFactory       : Created new connection: rabbitConnectionFactory#2f822222:3/SimpleConnection@26703573 [delegate=amqp://bkzpqyjq@15.206.140.228:5672/bkzpqyjq, localPort=51332]
2026-03-04T00:07:57.441-05:00  INFO 22380 --- [product-service] [springCloudBus.anonymous.vod05MrRSp6I3GzUCyPjZA-4] [                                                 ] o.s.amqp.rabbit.core.RabbitAdmin         : Auto-declaring a non-durable, auto-delete, or exclusive Queue (springCloudBus.anonymous.vod05MrRSp6I3GzUCyPjZA) durable:false, auto-delete:true, exclusive:true. It will be redeclared if the broker stops and is restarted while the connection factory is alive, but all messages will be lost.
2026-03-04T00:11:05.404-05:00  INFO 22380 --- [product-service] [AsyncResolver-bootstrap-executor-%d] [                                                 ] c.n.d.s.r.aws.ConfigClusterResolver      : Resolving eureka endpoints via configuration
2026-03-04T00:16:06.429-05:00  INFO 22380 --- [product-service] [AsyncResolver-bootstrap-executor-%d] [                                                 ] c.n.d.s.r.aws.ConfigClusterResolver      : Resolving eureka endpoints via configuration
2026-03-04T00:21:06.930-05:00  INFO 22380 --- [product-service] [AsyncResolver-bootstrap-executor-%d] [                                                 ] c.n.d.s.r.aws.ConfigClusterResolver      : Resolving eureka endpoints via configuration
2026-03-04T00:26:07.000-05:00  INFO 22380 --- [product-service] [AsyncResolver-bootstrap-executor-%d] [                                                 ] c.n.d.s.r.aws.ConfigClusterResolver      : Resolving eureka endpoints via configuration
2026-03-04T00:31:07.087-05:00  INFO 22380 --- [product-service] [AsyncResolver-bootstrap-executor-%d] [                                                 ] c.n.d.s.r.aws.ConfigClusterResolver      : Resolving eureka endpoints via configuration
2026-03-04T00:36:07.370-05:00  INFO 22380 --- [product-service] [AsyncResolver-bootstrap-executor-%d] [                                                 ] c.n.d.s.r.aws.ConfigClusterResolver      : Resolving eureka endpoints via configuration
