2026-03-04T00:08:00.112-05:00  WARN 24920 --- [user-service] [HikariPool-1:housekeeper] [                                                 ] com.zaxxer.hikari.pool.HikariPool        : HikariPool-1 - Thread starvation or clock leap detected (housekeeper delta=28m51s813ms660µs500ns).
2026-03-04T00:08:05.573-05:00  WARN 24920 --- [user-service] [AMQP Connection 15.206.140.228:5672] [                                                 ] c.r.c.impl.ForgivingExceptionHandler     : An unexpected connection driver error occurred (Exception message: Connection reset)
2026-03-04T00:08:06.366-05:00  WARN 24920 --- [user-service] [springCloudBus.anonymous.WC4mp_69QrK2W_qXXpdv9g-3] [                                                 ] o.s.a.r.l.SimpleMessageListenerContainer : Consumer raised exception, processing can restart if the connection factory supports it

com.rabbitmq.client.ShutdownSignalException: connection error
	at com.rabbitmq.client.impl.AMQConnection.startShutdown(AMQConnection.java:1014) ~[amqp-client-5.27.1.jar:5.27.1]
	at com.rabbitmq.client.impl.AMQConnection.shutdown(AMQConnection.java:1004) ~[amqp-client-5.27.1.jar:5.27.1]
	at com.rabbitmq.client.impl.AMQConnection.handleFailure(AMQConnection.java:808) ~[amqp-client-5.27.1.jar:5.27.1]
	at com.rabbitmq.client.impl.AMQConnection.access$500(AMQConnection.java:49) ~[amqp-client-5.27.1.jar:5.27.1]
	at com.rabbitmq.client.impl.AMQConnection$MainLoop.run(AMQConnection.java:703) ~[amqp-client-5.27.1.jar:5.27.1]
	at java.base/java.lang.Thread.run(Thread.java:1474) ~[na:na]
Caused by: java.net.SocketException: Connection reset
	at java.base/sun.nio.ch.NioSocketImpl.implRead(NioSocketImpl.java:316) ~[na:na]
	at java.base/sun.nio.ch.NioSocketImpl.read(NioSocketImpl.java:354) ~[na:na]
	at java.base/sun.nio.ch.NioSocketImpl$1.read(NioSocketImpl.java:798) ~[na:na]
	at java.base/java.net.Socket$SocketInputStream.implRead(Socket.java:974) ~[na:na]
	at java.base/java.net.Socket$SocketInputStream.read(Socket.java:964) ~[na:na]
	at java.base/java.io.BufferedInputStream.fill(BufferedInputStream.java:289) ~[na:na]
	at java.base/java.io.BufferedInputStream.read(BufferedInputStream.java:308) ~[na:na]
	at java.base/java.io.DataInputStream.readUnsignedByte(DataInputStream.java:300) ~[na:na]
	at com.rabbitmq.client.impl.Frame.readFrom(Frame.java:92) ~[amqp-client-5.27.1.jar:5.27.1]
	at com.rabbitmq.client.impl.SocketFrameHandler.readFrame(SocketFrameHandler.java:199) ~[amqp-client-5.27.1.jar:5.27.1]
	at com.rabbitmq.client.impl.AMQConnection$MainLoop.run(AMQConnection.java:694) ~[amqp-client-5.27.1.jar:5.27.1]
	... 1 common frames omitted

2026-03-04T00:08:07.017-05:00  INFO 24920 --- [user-service] [springCloudBus.anonymous.WC4mp_69QrK2W_qXXpdv9g-3] [                                                 ] o.s.a.r.l.SimpleMessageListenerContainer : Restarting Consumer@1e4227e7: tags=[[amq.ctag-yh_6GZsfQLKEiH9AUr_hhg]], channel=Cached Rabbit Channel: AMQChannel(amqp://bkzpqyjq@15.206.140.228:5672/bkzpqyjq,2), conn: Proxy@1050fcff Shared Rabbit Connection: SimpleConnection@6d2e880d [delegate=amqp://bkzpqyjq@15.206.140.228:5672/bkzpqyjq, localPort=60473], acknowledgeMode=AUTO local queue size=0
2026-03-04T00:08:11.238-05:00  INFO 24920 --- [user-service] [springCloudBus.anonymous.WC4mp_69QrK2W_qXXpdv9g-4] [                                                 ] o.s.a.r.c.CachingConnectionFactory       : Attempting to connect to: [puffin.rmq2.cloudamqp.com:5672]
2026-03-04T00:08:12.429-05:00  INFO 24920 --- [user-service] [springCloudBus.anonymous.WC4mp_69QrK2W_qXXpdv9g-4] [                                                 ] o.s.a.r.c.CachingConnectionFactory       : Created new connection: rabbitConnectionFactory#b536551:3/SimpleConnection@3c36ce39 [delegate=amqp://bkzpqyjq@15.206.140.228:5672/bkzpqyjq, localPort=51347]
2026-03-04T00:08:12.736-05:00  INFO 24920 --- [user-service] [springCloudBus.anonymous.WC4mp_69QrK2W_qXXpdv9g-4] [                                                 ] o.s.amqp.rabbit.core.RabbitAdmin         : Auto-declaring a non-durable, auto-delete, or exclusive Queue (springCloudBus.anonymous.WC4mp_69QrK2W_qXXpdv9g) durable:false, auto-delete:true, exclusive:true. It will be redeclared if the broker stops and is restarted while the connection factory is alive, but all messages will be lost.
2026-03-04T00:10:33.531-05:00  INFO 24920 --- [user-service] [AsyncResolver-bootstrap-executor-%d] [                                                 ] c.n.d.s.r.aws.ConfigClusterResolver      : Resolving eureka endpoints via configuration
2026-03-04T00:15:33.657-05:00  INFO 24920 --- [user-service] [AsyncResolver-bootstrap-executor-%d] [                                                 ] c.n.d.s.r.aws.ConfigClusterResolver      : Resolving eureka endpoints via configuration
2026-03-04T00:20:33.771-05:00  INFO 24920 --- [user-service] [AsyncResolver-bootstrap-executor-%d] [                                                 ] c.n.d.s.r.aws.ConfigClusterResolver      : Resolving eureka endpoints via configuration
2026-03-04T00:25:33.815-05:00  INFO 24920 --- [user-service] [AsyncResolver-bootstrap-executor-%d] [                                                 ] c.n.d.s.r.aws.ConfigClusterResolver      : Resolving eureka endpoints via configuration
2026-03-04T00:30:33.931-05:00  INFO 24920 --- [user-service] [AsyncResolver-bootstrap-executor-%d] [                                                 ] c.n.d.s.r.aws.ConfigClusterResolver      : Resolving eureka endpoints via configuration
2026-03-04T00:35:34.145-05:00  INFO 24920 --- [user-service] [AsyncResolver-bootstrap-executor-%d] [                                                 ] c.n.d.s.r.aws.ConfigClusterResolver      : Resolving eureka endpoints via configuration
